{"type":"server-started","port":52283,"host":"127.0.0.1","url_host":"localhost","url":"http://localhost:52283","screen_dir":"/Users/trymvestengen/Desktop/ai-coach/.superpowers/brainstorm/29204-1777062959/content","state_dir":"/Users/trymvestengen/Desktop/ai-coach/.superpowers/brainstorm/29204-1777062959/state"}
{"type":"screen-added","file":"/Users/trymvestengen/Desktop/ai-coach/.superpowers/brainstorm/29204-1777062959/content/onboarding-approaches.html"}
{"type":"screen-updated","file":"/Users/trymvestengen/Desktop/ai-coach/.superpowers/brainstorm/29204-1777062959/content/onboarding-approaches.html"}
{"type":"screen-updated","file":"/Users/trymvestengen/Desktop/ai-coach/.superpowers/brainstorm/29204-1777062959/content/onboarding-approaches.html"}
{"type":"screen-updated","file":"/Users/trymvestengen/Desktop/ai-coach/.superpowers/brainstorm/29204-1777062959/content/onboarding-approaches.html"}
{"source":"user-event","type":"click","text":"A\n    \n      Full wizard (anbefalt)\n      Erstatter /register. Én skjerm per spørsmål: konto → mål → erfaring → frekvens → kropp → profilbilde. Slik Hevy gjør det. Fokusert, app-følelse.\n      \n        1. Navn & konto\n        →\n        2. Mål\n        →\n        3. Erfaring\n        →\n        4. Frekvens\n        →\n        5. Kropp\n        →\n        6. Bilde","choice":"a","id":null,"timestamp":1777063271839}
{"type":"screen-added","file":"/Users/trymvestengen/Desktop/ai-coach/.superpowers/brainstorm/29204-1777062959/content/onboarding-screens.html"}
{"type":"screen-updated","file":"/Users/trymvestengen/Desktop/ai-coach/.superpowers/brainstorm/29204-1777062959/content/onboarding-screens.html"}
{"type":"screen-updated","file":"/Users/trymvestengen/Desktop/ai-coach/.superpowers/brainstorm/29204-1777062959/content/onboarding-screens.html"}
{"type":"screen-updated","file":"/Users/trymvestengen/Desktop/ai-coach/.superpowers/brainstorm/29204-1777062959/content/onboarding-screens.html"}
{"source":"user-event","type":"click","text":"💪\n        Opprett konto\n        Steg 1 av 7\n      \n      \n        \n          Fornavn\n          Etternavn\n        \n        E-post\n        Passord\n        Neste →\n      \n    \n    \n      1. Konto\n      Fornavn, etternavn, e-post, passord. Kaller signUp.","choice":"s1","id":null,"timestamp":1777063972355}
{"source":"user-event","type":"click","text":"Hva er målet ditt?\n        Velg ett eller flere · Steg 2 av 7\n      \n      \n        ✓ Bygg muskler\n        Gå ned i vekt\n        Bli sterkere\n        Bedre kondis\n        Holde formen\n        Neste →\n      \n    \n    \n      2. Mål\n      Flervalg. Bygg muskler / Gå ned i vekt / Bli sterkere / Bedre kondis / Holde formen","choice":"s2","id":null,"timestamp":1777063973718}
{"source":"user-event","type":"click","text":"Hva er målet ditt?\n        Velg ett eller flere · Steg 2 av 7\n      \n      \n        ✓ Bygg muskler\n        Gå ned i vekt\n        Bli sterkere\n        Bedre kondis\n        Holde formen\n        Neste →\n      \n    \n    \n      2. Mål\n      Flervalg. Bygg muskler / Gå ned i vekt / Bli sterkere / Bedre kondis / Holde formen","choice":"s2","id":null,"timestamp":1777063975617}
{"source":"user-event","type":"click","text":"Hva er målet ditt?\n        Velg ett eller flere · Steg 2 av 7\n      \n      \n        ✓ Bygg muskler\n        Gå ned i vekt\n        Bli sterkere\n        Bedre kondis\n        Holde formen\n        Neste →\n      \n    \n    \n      2. Mål\n      Flervalg. Bygg muskler / Gå ned i vekt / Bli sterkere / Bedre kondis / Holde formen","choice":"s2","id":null,"timestamp":1777063977301}
{"source":"user-event","type":"click","text":"💪\n        Opprett konto\n        Steg 1 av 7\n      \n      \n        \n          Fornavn\n          Etternavn\n        \n        E-post\n        Passord\n        Neste →\n      \n    \n    \n      1. Konto\n      Fornavn, etternavn, e-post, passord. Kaller signUp.","choice":"s1","id":null,"timestamp":1777063977802}
{"source":"user-event","type":"click","text":"Hva er målet ditt?\n        Velg ett eller flere · Steg 2 av 7\n      \n      \n        ✓ Bygg muskler\n        Gå ned i vekt\n        Bli sterkere\n        Bedre kondis\n        Holde formen\n        Neste →\n      \n    \n    \n      2. Mål\n      Flervalg. Bygg muskler / Gå ned i vekt / Bli sterkere / Bedre kondis / Holde formen","choice":"s2","id":null,"timestamp":1777063978702}
{"source":"user-event","type":"click","text":"Hva er målet ditt?\n        Velg ett eller flere · Steg 2 av 7\n      \n      \n        ✓ Bygg muskler\n        Gå ned i vekt\n        Bli sterkere\n        Bedre kondis\n        Holde formen\n        Neste →\n      \n    \n    \n      2. Mål\n      Flervalg. Bygg muskler / Gå ned i vekt / Bli sterkere / Bedre kondis / Holde formen","choice":"s2","id":null,"timestamp":1777063984884}
{"source":"user-event","type":"click","text":"Treningserfaring\n        Steg 3 av 7\n      \n      \n        \n          🌱 Nybegynner\n          Under 1 år med trening\n        \n        \n          💪 Middels\n          1–3 år med trening\n        \n        \n          🏆 Erfaren\n          3+ år med trening\n        \n      \n    \n    \n      3. Erfaring\n      Nybegynner / Middels / Erfaren. Enkeltvalg.","choice":"s3","id":null,"timestamp":1777063986018}
{"source":"user-event","type":"click","text":"Treningserfaring\n        Steg 3 av 7\n      \n      \n        \n          🌱 Nybegynner\n          Under 1 år med trening\n        \n        \n          💪 Middels\n          1–3 år med trening\n        \n        \n          🏆 Erfaren\n          3+ år med trening\n        \n      \n    \n    \n      3. Erfaring\n      Nybegynner / Middels / Erfaren. Enkeltvalg.","choice":"s3","id":null,"timestamp":1777063987668}
{"source":"user-event","type":"click","text":"💪\n        Opprett konto\n        Steg 1 av 7\n      \n      \n        \n          Fornavn\n          Etternavn\n        \n        E-post\n        Passord\n        Neste →\n      \n    \n    \n      1. Konto\n      Fornavn, etternavn, e-post, passord. Kaller signUp.","choice":"s1","id":null,"timestamp":1777063995035}
{"source":"user-event","type":"click","text":"💪\n        Opprett konto\n        Steg 1 av 7\n      \n      \n        \n          Fornavn\n          Etternavn\n        \n        E-post\n        Passord\n        Neste →\n      \n    \n    \n      1. Konto\n      Fornavn, etternavn, e-post, passord. Kaller signUp.","choice":"s1","id":null,"timestamp":1777064004102}
{"type":"screen-updated","file":"/Users/trymvestengen/Desktop/ai-coach/.superpowers/brainstorm/29204-1777062959/content/onboarding-approaches.html"}
{"type":"screen-added","file":"/Users/trymvestengen/Desktop/ai-coach/.superpowers/brainstorm/29204-1777062959/content/onboarding-screens-v2.html"}
{"type":"screen-updated","file":"/Users/trymvestengen/Desktop/ai-coach/.superpowers/brainstorm/29204-1777062959/content/onboarding-screens-v2.html"}
{"type":"screen-updated","file":"/Users/trymvestengen/Desktop/ai-coach/.superpowers/brainstorm/29204-1777062959/content/onboarding-screens-v2.html"}
{"type":"server-stopped","reason":"idle timeout"}
